Arguments: 
  /snap/node/5148/bin/node /snap/node/5148/bin/yarn.js config get registry

PATH: 
  /home/ethan/Documents/Personal/TableTennisRatingTracker3.0/frontend/node_modules/.bin:/home/ethan/Documents/Personal/TableTennisRatingTracker3.0/node_modules/.bin:/home/ethan/Documents/Personal/node_modules/.bin:/home/ethan/Documents/node_modules/.bin:/home/ethan/node_modules/.bin:/home/node_modules/.bin:/node_modules/.bin:/usr/local/lib/node_modules/npm/node_modules/@npmcli/run-script/lib/node-gyp-bin:/home/ethan/.npm/_npx/c67e74de0542c87c/node_modules/.bin:/home/ethan/.local/bin:/home/ethan/anaconda3/condabin:/home/ethan/.local/bin:/usr/local/sbin:/usr/local/bin:/usr/sbin:/usr/bin:/sbin:/bin:/usr/games:/usr/local/games:/snap/bin:~/usr/bin/mongodb-linux-x86_64-ubuntu1604-4.4.6/bin:~/usr/bin/mongodb-linux-x86_64-ubuntu1604-4.4.6/bin

Yarn version: 
  1.22.5

Node version: 
  14.17.4

Platform: 
  linux x64

Trace: 
  Error: EACCES: permission denied, write
      at writeSync (fs.js:733:3)
      at SyncWriteStream._write (internal/fs/sync_write_stream.js:24:3)
      at writeOrBuffer (internal/streams/writable.js:358:12)
      at SyncWriteStream.Writable.write (internal/streams/writable.js:303:10)
      at ConsoleReporter._log (/snap/node/5148/lib/cli.js:96770:17)
      at ConsoleReporter.log (/snap/node/5148/lib/cli.js:96758:10)
      at get (/snap/node/5148/lib/cli.js:87536:14)
      at Object.<anonymous> (/snap/node/5148/lib/cli.js:25940:25)
      at Generator.next (<anonymous>)
      at step (/snap/node/5148/lib/cli.js:310:30)

npm manifest: 
  {
    "name": "frontend",
    "version": "0.1.0",
    "private": true
  }

yarn manifest: 
  No manifest

Lockfile: 
  No lockfile
